This is pdfTeX, Version 3.141592653-2.6-1.40.24 (TeX Live 2022) (preloaded format=pdflatex 2023.3.13)  21 APR 2023 18:08
entering extended mode
 restricted \write18 enabled.
 file:line:error style messages enabled.
 %&-line parsing enabled.
**thesis.tex
(./thesis.tex
LaTeX2e <2021-11-15> patch level 1
L3 programming layer <2022-02-24> (./reedthesis.cls
Document Class: reedthesis 2004/01/27 The Reed College Thesis Class
(/usr/local/texlive/2022/texmf-dist/tex/latex/base/book.cls
Document Class: book 2021/10/04 v1.4n Standard LaTeX document class
(/usr/local/texlive/2022/texmf-dist/tex/latex/base/bk12.clo
File: bk12.clo 2021/10/04 v1.4n Standard LaTeX file (size option)
)
\c@part=\count185
\c@chapter=\count186
\c@section=\count187
\c@subsection=\count188
\c@subsubsection=\count189
\c@paragraph=\count190
\c@subparagraph=\count191
\c@figure=\count192
\c@table=\count193
\abovecaptionskip=\skip47
\belowcaptionskip=\skip48
\bibindent=\dimen138
)
(/usr/local/texlive/2022/texmf-dist/tex/latex/fancyhdr/fancyhdr.sty
Package: fancyhdr 2021/01/28 v4.0.1 Extensive control of page headers and foote
rs
\f@nch@headwidth=\skip49
\f@nch@O@elh=\skip50
\f@nch@O@erh=\skip51
\f@nch@O@olh=\skip52
\f@nch@O@orh=\skip53
\f@nch@O@elf=\skip54
\f@nch@O@erf=\skip55
\f@nch@O@olf=\skip56
\f@nch@O@orf=\skip57
))
(/usr/local/texlive/2022/texmf-dist/tex/latex/graphics/graphicx.sty
Package: graphicx 2021/09/16 v1.2d Enhanced LaTeX Graphics (DPC,SPQR)

(/usr/local/texlive/2022/texmf-dist/tex/latex/graphics/keyval.sty
Package: keyval 2014/10/28 v1.15 key=value parser (DPC)
\KV@toks@=\toks16
)
(/usr/local/texlive/2022/texmf-dist/tex/latex/graphics/graphics.sty
Package: graphics 2021/03/04 v1.4d Standard LaTeX Graphics (DPC,SPQR)

(/usr/local/texlive/2022/texmf-dist/tex/latex/graphics/trig.sty
Package: trig 2021/08/11 v1.11 sin cos tan (DPC)
)
(/usr/local/texlive/2022/texmf-dist/tex/latex/graphics-cfg/graphics.cfg
File: graphics.cfg 2016/06/04 v1.11 sample graphics configuration
)
Package graphics Info: Driver file: pdftex.def on input line 107.

(/usr/local/texlive/2022/texmf-dist/tex/latex/graphics-def/pdftex.def
File: pdftex.def 2020/10/05 v1.2a Graphics/color driver for pdftex
))
\Gin@req@height=\dimen139
\Gin@req@width=\dimen140
)
(/usr/local/texlive/2022/texmf-dist/tex/latex/base/latexsym.sty
Package: latexsym 1998/08/17 v2.2e Standard LaTeX package (lasy symbols)
\symlasy=\mathgroup4
LaTeX Font Info:    Overwriting symbol font `lasy' in version `bold'
(Font)                  U/lasy/m/n --> U/lasy/b/n on input line 52.
)
(/usr/local/texlive/2022/texmf-dist/tex/latex/amsfonts/amssymb.sty
Package: amssymb 2013/01/14 v3.01 AMS font symbols

(/usr/local/texlive/2022/texmf-dist/tex/latex/amsfonts/amsfonts.sty
Package: amsfonts 2013/01/14 v3.01 Basic AMSFonts support
\@emptytoks=\toks17
\symAMSa=\mathgroup5
\symAMSb=\mathgroup6
LaTeX Font Info:    Redeclaring math symbol \hbar on input line 98.
LaTeX Font Info:    Overwriting math alphabet `\mathfrak' in version `bold'
(Font)                  U/euf/m/n --> U/euf/b/n on input line 106.
))
(/usr/local/texlive/2022/texmf-dist/tex/latex/amscls/amsthm.sty
Package: amsthm 2020/05/29 v2.20.6
\thm@style=\toks18
\thm@bodyfont=\toks19
\thm@headfont=\toks20
\thm@notefont=\toks21
\thm@headpunct=\toks22
\thm@preskip=\skip58
\thm@postskip=\skip59
\thm@headsep=\skip60
\dth@everypar=\toks23
)
(/usr/local/texlive/2022/texmf-dist/tex/latex/amsmath/amsmath.sty
Package: amsmath 2021/10/15 v2.17l AMS math features
\@mathmargin=\skip61

For additional information on amsmath, use the `?' option.
(/usr/local/texlive/2022/texmf-dist/tex/latex/amsmath/amstext.sty
Package: amstext 2021/08/26 v2.01 AMS text

(/usr/local/texlive/2022/texmf-dist/tex/latex/amsmath/amsgen.sty
File: amsgen.sty 1999/11/30 v2.0 generic functions
\@emptytoks=\toks24
\ex@=\dimen141
))
(/usr/local/texlive/2022/texmf-dist/tex/latex/amsmath/amsbsy.sty
Package: amsbsy 1999/11/29 v1.2d Bold Symbols
\pmbraise@=\dimen142
)
(/usr/local/texlive/2022/texmf-dist/tex/latex/amsmath/amsopn.sty
Package: amsopn 2021/08/26 v2.02 operator names
)
\inf@bad=\count194
LaTeX Info: Redefining \frac on input line 234.
\uproot@=\count195
\leftroot@=\count196
LaTeX Info: Redefining \overline on input line 399.
\classnum@=\count197
\DOTSCASE@=\count198
LaTeX Info: Redefining \ldots on input line 496.
LaTeX Info: Redefining \dots on input line 499.
LaTeX Info: Redefining \cdots on input line 620.
\Mathstrutbox@=\box50
\strutbox@=\box51
\big@size=\dimen143
LaTeX Font Info:    Redeclaring font encoding OML on input line 743.
LaTeX Font Info:    Redeclaring font encoding OMS on input line 744.
\macc@depth=\count199
\c@MaxMatrixCols=\count266
\dotsspace@=\muskip16
\c@parentequation=\count267
\dspbrk@lvl=\count268
\tag@help=\toks25
\row@=\count269
\column@=\count270
\maxfields@=\count271
\andhelp@=\toks26
\eqnshift@=\dimen144
\alignsep@=\dimen145
\tagshift@=\dimen146
\tagwidth@=\dimen147
\totwidth@=\dimen148
\lineht@=\dimen149
\@envbody=\toks27
\multlinegap=\skip62
\multlinetaggap=\skip63
\mathdisplay@stack=\toks28
LaTeX Info: Redefining \[ on input line 2938.
LaTeX Info: Redefining \] on input line 2939.
)
(/usr/local/texlive/2022/texmf-dist/tex/latex/tools/longtable.sty
Package: longtable 2021-09-01 v4.17 Multi-page Table package (DPC)
\LTleft=\skip64
\LTright=\skip65
\LTpre=\skip66
\LTpost=\skip67
\LTchunksize=\count272
\LTcapwidth=\dimen150
\LT@head=\box52
\LT@firsthead=\box53
\LT@foot=\box54
\LT@lastfoot=\box55
\LT@gbox=\box56
\LT@cols=\count273
\LT@rows=\count274
\c@LT@tables=\count275
\c@LT@chunks=\count276
\LT@p@ftn=\toks29
)
(/usr/local/texlive/2022/texmf-dist/tex/latex/booktabs/booktabs.sty
Package: booktabs 2020/01/12 v1.61803398 Publication quality tables
\heavyrulewidth=\dimen151
\lightrulewidth=\dimen152
\cmidrulewidth=\dimen153
\belowrulesep=\dimen154
\belowbottomsep=\dimen155
\aboverulesep=\dimen156
\abovetopsep=\dimen157
\cmidrulesep=\dimen158
\cmidrulekern=\dimen159
\defaultaddspace=\dimen160
\@cmidla=\count277
\@cmidlb=\count278
\@aboverulesep=\dimen161
\@belowrulesep=\dimen162
\@thisruleclass=\count279
\@lastruleclass=\count280
\@thisrulewidth=\dimen163
)
(/usr/local/texlive/2022/texmf-dist/tex/latex/setspace/setspace.sty
Package: setspace 2011/12/19 v6.7a set line spacing
)
(/usr/local/texlive/2022/texmf-dist/tex/latex/url/url.sty
\Urlmuskip=\muskip17
Package: url 2013/09/16  ver 3.4  Verb mode for urls, etc.
)
(/usr/local/texlive/2022/texmf-dist/tex/latex/graphics/rotating.sty
Package: rotating 2016/08/11 v2.16d rotated objects in LaTeX

(/usr/local/texlive/2022/texmf-dist/tex/latex/base/ifthen.sty
Package: ifthen 2020/11/24 v1.1c Standard LaTeX ifthen package (DPC)
)
\c@r@tfl@t=\count281
\rotFPtop=\skip68
\rotFPbot=\skip69
\rot@float@box=\box57
\rot@mess@toks=\toks30
)
(/usr/local/texlive/2022/texmf-dist/tex/latex/natbib/natbib.sty
Package: natbib 2010/09/13 8.31b (PWD, AO)
\bibhang=\skip70
\bibsep=\skip71
LaTeX Info: Redefining \cite on input line 694.
\c@NAT@ctr=\count282
)
(/usr/local/texlive/2022/texmf-dist/tex/latex/xcolor/xcolor.sty
Package: xcolor 2021/10/31 v2.13 LaTeX color extensions (UK)

(/usr/local/texlive/2022/texmf-dist/tex/latex/graphics-cfg/color.cfg
File: color.cfg 2016/01/02 v1.6 sample color configuration
)
Package xcolor Info: Driver file: pdftex.def on input line 227.
Package xcolor Info: Model `cmy' substituted by `cmy0' on input line 1352.
Package xcolor Info: Model `hsb' substituted by `rgb' on input line 1356.
Package xcolor Info: Model `RGB' extended on input line 1368.
Package xcolor Info: Model `HTML' substituted by `rgb' on input line 1370.
Package xcolor Info: Model `Hsb' substituted by `hsb' on input line 1371.
Package xcolor Info: Model `tHsb' substituted by `hsb' on input line 1372.
Package xcolor Info: Model `HSB' substituted by `hsb' on input line 1373.
Package xcolor Info: Model `Gray' substituted by `gray' on input line 1374.
Package xcolor Info: Model `wave' substituted by `hsb' on input line 1375.

(/usr/local/texlive/2022/texmf-dist/tex/latex/graphics/dvipsnam.def
File: dvipsnam.def 2016/06/17 v3.0m Driver-dependent file (DPC,SPQR)
))
(/usr/local/texlive/2022/texmf-dist/tex/latex/koma-script/scrextend.sty
Package: scrextend 2021/11/13 v3.35 KOMA-Script package (extend other classes w
ith features of KOMA-Script classes)

(/usr/local/texlive/2022/texmf-dist/tex/latex/koma-script/scrkbase.sty
Package: scrkbase 2021/11/13 v3.35 KOMA-Script package (KOMA-Script-dependent b
asics and keyval usage)

(/usr/local/texlive/2022/texmf-dist/tex/latex/koma-script/scrbase.sty
Package: scrbase 2021/11/13 v3.35 KOMA-Script package (KOMA-Script-independent 
basics and keyval usage)

(/usr/local/texlive/2022/texmf-dist/tex/latex/koma-script/scrlfile.sty
Package: scrlfile 2021/11/13 v3.35 KOMA-Script package (file load hooks)

(/usr/local/texlive/2022/texmf-dist/tex/latex/koma-script/scrlfile-hook.sty
Package: scrlfile-hook 2021/11/13 v3.35 KOMA-Script package (using LaTeX hooks)


(/usr/local/texlive/2022/texmf-dist/tex/latex/koma-script/scrlogo.sty
Package: scrlogo 2021/11/13 v3.35 KOMA-Script package (logo)
)))
Applying: [2021/05/01] Usage of raw or classic option list on input line 252.
Already applied: [0000/00/00] Usage of raw or classic option list on input line
 368.
)))
(/usr/local/texlive/2022/texmf-dist/tex/latex/caption/caption.sty
Package: caption 2022/03/01 v3.6b Customizing captions (AR)

(/usr/local/texlive/2022/texmf-dist/tex/latex/caption/caption3.sty
Package: caption3 2022/03/17 v2.3b caption3 kernel (AR)
\caption@tempdima=\dimen164
\captionmargin=\dimen165
\caption@leftmargin=\dimen166
\caption@rightmargin=\dimen167
\caption@width=\dimen168
\caption@indent=\dimen169
\caption@parindent=\dimen170
\caption@hangindent=\dimen171
Package caption Info: Standard document class detected.
)
\c@caption@flags=\count283
\c@continuedfloat=\count284
Package caption Info: longtable package is loaded.

(/usr/local/texlive/2022/texmf-dist/tex/latex/caption/ltcaption.sty
Package: ltcaption 2021/01/08 v1.4c longtable captions (AR)
)
Package caption Info: rotating package is loaded.
)
(/usr/local/texlive/2022/texmf-dist/tex/latex/caption/subcaption.sty
Package: subcaption 2022/01/07 v1.5 Sub-captions (AR)
\c@subfigure=\count285
\c@subtable=\count286
)
(/usr/local/texlive/2022/texmf-dist/tex/latex/l3backend/l3backend-pdftex.def
File: l3backend-pdftex.def 2022-02-07 L3 backend support: PDF output (pdfTeX)
\l__color_backend_stack_int=\count287
\l__pdf_internal_box=\box58
)
(./thesis.aux

LaTeX Warning: Label `Acknowledgements1' multiply defined.


LaTeX Warning: Label `Acknowledgements1' multiply defined.


LaTeX Warning: Label `Motivations3' multiply defined.


LaTeX Warning: Label `Motivations3' multiply defined.


LaTeX Warning: Label `UnderstandingThroughDefinitions1' multiply defined.


LaTeX Warning: Label `TurtleGraphics2' multiply defined.


LaTeX Warning: Label `sub@TurtleGraphics2' multiply defined.


LaTeX Warning: Label `TurtleGraphics3' multiply defined.


LaTeX Warning: Label `sub@TurtleGraphics3' multiply defined.


LaTeX Warning: Label `TurtleGraphics3' multiply defined.


LaTeX Warning: Label `sub@TurtleGraphics3' multiply defined.

)
\openout1 = `thesis.aux'.

LaTeX Font Info:    Checking defaults for OML/cmm/m/it on input line 39.
LaTeX Font Info:    ... okay on input line 39.
LaTeX Font Info:    Checking defaults for OMS/cmsy/m/n on input line 39.
LaTeX Font Info:    ... okay on input line 39.
LaTeX Font Info:    Checking defaults for OT1/cmr/m/n on input line 39.
LaTeX Font Info:    ... okay on input line 39.
LaTeX Font Info:    Checking defaults for T1/cmr/m/n on input line 39.
LaTeX Font Info:    ... okay on input line 39.
LaTeX Font Info:    Checking defaults for TS1/cmr/m/n on input line 39.
LaTeX Font Info:    ... okay on input line 39.
LaTeX Font Info:    Checking defaults for OMX/cmex/m/n on input line 39.
LaTeX Font Info:    ... okay on input line 39.
LaTeX Font Info:    Checking defaults for U/cmr/m/n on input line 39.
LaTeX Font Info:    ... okay on input line 39.
 (/usr/local/texlive/2022/texmf-dist/tex/context/base/mkii/supp-pdf.mkii
[Loading MPS to PDF converter (version 2006.09.02).]
\scratchcounter=\count288
\scratchdimen=\dimen172
\scratchbox=\box59
\nofMPsegments=\count289
\nofMParguments=\count290
\everyMPshowfont=\toks31
\MPscratchCnt=\count291
\MPscratchDim=\dimen173
\MPnumerator=\count292
\makeMPintoPDFobject=\count293
\everyMPtoPDFconversion=\toks32
) (/usr/local/texlive/2022/texmf-dist/tex/latex/epstopdf-pkg/epstopdf-base.sty
Package: epstopdf-base 2020-01-24 v2.11 Base part for package epstopdf
Package epstopdf-base Info: Redefining graphics rule for `.eps' on input line 4
85.

(/usr/local/texlive/2022/texmf-dist/tex/latex/latexconfig/epstopdf-sys.cfg
File: epstopdf-sys.cfg 2010/07/13 v1.3 Configuration of (r)epstopdf for TeX Liv
e
))
Package caption Info: Begin \AtBeginDocument code.
Package caption Info: End \AtBeginDocument code.
LaTeX Font Info:    Trying to load font information for U+lasy on input line 41
.

(/usr/local/texlive/2022/texmf-dist/tex/latex/base/ulasy.fd
File: ulasy.fd 1998/08/17 v2.2e LaTeX symbol font definitions
)
LaTeX Font Info:    Trying to load font information for U+msa on input line 41.


(/usr/local/texlive/2022/texmf-dist/tex/latex/amsfonts/umsa.fd
File: umsa.fd 2013/01/14 v3.01 AMS symbols A
)
LaTeX Font Info:    Trying to load font information for U+msb on input line 41.


(/usr/local/texlive/2022/texmf-dist/tex/latex/amsfonts/umsb.fd
File: umsb.fd 2013/01/14 v3.01 AMS symbols B
) [1
Non-PDF special ignored!
<special> !% Reed College LaTeX Thesis Class 2001/12/04 SN
Non-PDF special ignored!
<special> rawpostscript % Reed College LaTeX Thesis Class 2001/12/04 SN



{/usr/local/texlive/2022/texmf-var/fonts/map/pdftex/updmap/pdftex.map}]
[2


] [3] [4


]
<Images/Acknowledgements1.pdf, id=16, 722.7pt x 850.17625pt>
File: Images/Acknowledgements1.pdf Graphic file (type pdf)
<use Images/Acknowledgements1.pdf>
Package pdftex.def Info: Images/Acknowledgements1.pdf  used on input line 62.
(pdftex.def)             Requested size: 283.30089pt x 205.39325pt.

Underfull \vbox (badness 2189) has occurred while \output is active []

 [1



 <./Images/Acknowledgements1.pdf>] [2

] (./thesis.toc)
\tf@toc=\write3
\openout3 = `thesis.toc'.

 [3

] [4

] (./thesis.lof)
\tf@lof=\write4
\openout4 = `thesis.lof'.

 [5]
[6

]
<Images/Abstract1.pdf, id=48, 722.7pt x 850.17625pt>
File: Images/Abstract1.pdf Graphic file (type pdf)
<use Images/Abstract1.pdf>
Package pdftex.def Info: Images/Abstract1.pdf  used on input line 84.
(pdftex.def)             Requested size: 346.8987pt x 195.1305pt.
 [7 <./Images/Abstract1.pdf>] [8

]
<Images/Dedication1.pdf, id=58, 722.7pt x 850.17625pt>
File: Images/Dedication1.pdf Graphic file (type pdf)
<use Images/Dedication1.pdf>
Package pdftex.def Info: Images/Dedication1.pdf  used on input line 104.
(pdftex.def)             Requested size: 346.8987pt x 325.21751pt.
 [9 <./Images/Dedication1.pdf>] [10


]
<Images/Introduction1.pdf, id=69, 722.7pt x 850.17625pt>
File: Images/Introduction1.pdf Graphic file (type pdf)
<use Images/Introduction1.pdf>
Package pdftex.def Info: Images/Introduction1.pdf  used on input line 121.
(pdftex.def)             Requested size: 361.34914pt x 216.80948pt.

Overfull \hbox (5.65585pt too wide) in paragraph at lines 130--131
\OT1/cmr/m/it/12 github.com/RJacobH/Thesis \OT1/cmr/m/n/12 as well as hope-full
y my web-site, \OT1/cmr/m/it/12 rja-cobh.github.io/website\OT1/cmr/m/n/12 .
 []

[1

 <./Images/Introduction1.pdf>]
<Images/Introduction2.pdf, id=76, 722.7pt x 850.17625pt>
File: Images/Introduction2.pdf Graphic file (type pdf)
<use Images/Introduction2.pdf>
Package pdftex.def Info: Images/Introduction2.pdf  used on input line 135.
(pdftex.def)             Requested size: 271.01184pt x 216.80946pt.


Package fancyhdr Warning: \headheight is too small (12.0pt): 
(fancyhdr)                Make it at least 14.49998pt, for example:
(fancyhdr)                \setlength{\headheight}{14.49998pt}.
(fancyhdr)                You might also make \topmargin smaller to compensate:

(fancyhdr)                \addtolength{\topmargin}{-2.49998pt}.

[2 <./Images/Introduction2.pdf>]
<Images/Introduction3.pdf, id=84, 722.7pt x 850.17625pt>
File: Images/Introduction3.pdf Graphic file (type pdf)
<use Images/Introduction3.pdf>
Package pdftex.def Info: Images/Introduction3.pdf  used on input line 153.
(pdftex.def)             Requested size: 271.01183pt x 252.94438pt.


Package fancyhdr Warning: \headheight is too small (12.0pt): 
(fancyhdr)                Make it at least 14.49998pt, for example:
(fancyhdr)                \setlength{\headheight}{14.49998pt}.
(fancyhdr)                You might also make \topmargin smaller to compensate:

(fancyhdr)                \addtolength{\topmargin}{-2.49998pt}.

[3 <./Images/Introduction3.pdf>]
<Images/Motivations1A.pdf, id=91, 722.7pt x 850.17625pt>
File: Images/Motivations1A.pdf Graphic file (type pdf)
<use Images/Motivations1A.pdf>
Package pdftex.def Info: Images/Motivations1A.pdf  used on input line 168.
(pdftex.def)             Requested size: 289.0793pt x 198.74202pt.
<Images/Motivations1B.pdf, id=93, 722.7pt x 850.17625pt>
File: Images/Motivations1B.pdf Graphic file (type pdf)
<use Images/Motivations1B.pdf>
Package pdftex.def Info: Images/Motivations1B.pdf  used on input line 182.
(pdftex.def)             Requested size: 289.0793pt x 242.1038pt.


Package fancyhdr Warning: \headheight is too small (12.0pt): 
(fancyhdr)                Make it at least 14.49998pt, for example:
(fancyhdr)                \setlength{\headheight}{14.49998pt}.
(fancyhdr)                You might also make \topmargin smaller to compensate:

(fancyhdr)                \addtolength{\topmargin}{-2.49998pt}.

[4 <./Images/Motivations1A.pdf>]
<Images/Motivations2.pdf, id=100, 722.7pt x 850.17625pt>
File: Images/Motivations2.pdf Graphic file (type pdf)
<use Images/Motivations2.pdf>
Package pdftex.def Info: Images/Motivations2.pdf  used on input line 198.
(pdftex.def)             Requested size: 231.2599pt x 202.35242pt.


LaTeX Warning: `h' float specifier changed to `ht'.

<Images/ThePathWeWillFollow1.pdf, id=102, 722.7pt x 850.17625pt>
File: Images/ThePathWeWillFollow1.pdf Graphic file (type pdf)
<use Images/ThePathWeWillFollow1.pdf>
Package pdftex.def Info: Images/ThePathWeWillFollow1.pdf  used on input line 21
3.
(pdftex.def)             Requested size: 231.2599pt x 144.53743pt.

Package fancyhdr Warning: \headheight is too small (12.0pt): 
(fancyhdr)                Make it at least 14.49998pt, for example:
(fancyhdr)                \setlength{\headheight}{14.49998pt}.
(fancyhdr)                You might also make \topmargin smaller to compensate:

(fancyhdr)                \addtolength{\topmargin}{-2.49998pt}.

[5 <./Images/Motivations1B.pdf>]
<Images/ThePathWeWillFollow2.pdf, id=110, 722.7pt x 850.17625pt>
File: Images/ThePathWeWillFollow2.pdf Graphic file (type pdf)
<use Images/ThePathWeWillFollow2.pdf>
Package pdftex.def Info: Images/ThePathWeWillFollow2.pdf  used on input line 22
4.
(pdftex.def)             Requested size: 260.16739pt x 231.2599pt.


LaTeX Warning: `h' float specifier changed to `ht'.


Package fancyhdr Warning: \headheight is too small (12.0pt): 
(fancyhdr)                Make it at least 14.49998pt, for example:
(fancyhdr)                \setlength{\headheight}{14.49998pt}.
(fancyhdr)                You might also make \topmargin smaller to compensate:

(fancyhdr)                \addtolength{\topmargin}{-2.49998pt}.

[6 <./Images/Motivations2.pdf> <./Images/ThePathWeWillFollow1.pdf>]
<Images/Sierpinski.pdf, id=119, 722.7pt x 850.17625pt>
File: Images/Sierpinski.pdf Graphic file (type pdf)
<use Images/Sierpinski.pdf>
Package pdftex.def Info: Images/Sierpinski.pdf  used on input line 238.
(pdftex.def)             Requested size: 252.94324pt x 172.00111pt.


LaTeX Warning: `h' float specifier changed to `ht'.


Package fancyhdr Warning: \headheight is too small (12.0pt): 
(fancyhdr)                Make it at least 14.49998pt, for example:
(fancyhdr)                \setlength{\headheight}{14.49998pt}.
(fancyhdr)                You might also make \topmargin smaller to compensate:

(fancyhdr)                \addtolength{\topmargin}{-2.49998pt}.

[7 <./Images/ThePathWeWillFollow2.pdf>]
<Images/ThePathWeWillFollow3.pdf, id=126, 722.7pt x 850.17625pt>
File: Images/ThePathWeWillFollow3.pdf Graphic file (type pdf)
<use Images/ThePathWeWillFollow3.pdf>
Package pdftex.def Info: Images/ThePathWeWillFollow3.pdf  used on input line 25
3.
(pdftex.def)             Requested size: 346.8987pt x 151.76816pt.


Package fancyhdr Warning: \headheight is too small (12.0pt): 
(fancyhdr)                Make it at least 14.49998pt, for example:
(fancyhdr)                \setlength{\headheight}{14.49998pt}.
(fancyhdr)                You might also make \topmargin smaller to compensate:

(fancyhdr)                \addtolength{\topmargin}{-2.49998pt}.

[8 <./Images/Sierpinski.pdf> <./Images/ThePathWeWillFollow3.pdf>]
Chapter 1.
<Images/WhatisanL-System1.pdf, id=135, 722.7pt x 850.17625pt>
File: Images/WhatisanL-System1.pdf Graphic file (type pdf)
<use Images/WhatisanL-System1.pdf>
Package pdftex.def Info: Images/WhatisanL-System1.pdf  used on input line 266.
(pdftex.def)             Requested size: 289.0793pt x 162.6071pt.
[9

 <./Images/WhatisanL-System1.pdf>]
<Images/UnderstandingThroughDefinitions1.pdf, id=142, 722.7pt x 850.17625pt>
File: Images/UnderstandingThroughDefinitions1.pdf Graphic file (type pdf)
<use Images/UnderstandingThroughDefinitions1.pdf>
Package pdftex.def Info: Images/UnderstandingThroughDefinitions1.pdf  used on i
nput line 286.
(pdftex.def)             Requested size: 216.80948pt x 72.26984pt.

Underfull \hbox (badness 10000) in paragraph at lines 292--293

 []


Underfull \hbox (badness 10000) in paragraph at lines 295--296

 []


Package fancyhdr Warning: \headheight is too small (12.0pt): 
(fancyhdr)                Make it at least 14.49998pt, for example:
(fancyhdr)                \setlength{\headheight}{14.49998pt}.
(fancyhdr)                You might also make \topmargin smaller to compensate:

(fancyhdr)                \addtolength{\topmargin}{-2.49998pt}.

[10 <./Images/UnderstandingThroughDefinitions1.pdf>]
<Images/UnderstandingThroughDefinitions2.pdf, id=150, 722.7pt x 850.17625pt>
File: Images/UnderstandingThroughDefinitions2.pdf Graphic file (type pdf)
<use Images/UnderstandingThroughDefinitions2.pdf>
Package pdftex.def Info: Images/UnderstandingThroughDefinitions2.pdf  used on i
nput line 303.
(pdftex.def)             Requested size: 216.80948pt x 50.58865pt.
<Images/A0.png, id=152, 58.2175pt x 73.27374pt>
File: Images/A0.png Graphic file (type png)
<use Images/A0.png>
Package pdftex.def Info: Images/A0.png  used on input line 327.
(pdftex.def)             Requested size: 68.9039pt x 86.72432pt.
<Images/A1.png, id=154, 58.2175pt x 73.27374pt>
File: Images/A1.png Graphic file (type png)
<use Images/A1.png>
Package pdftex.def Info: Images/A1.png  used on input line 333.
(pdftex.def)             Requested size: 68.9039pt x 86.72432pt.
<Images/A2.png, id=155, 58.2175pt x 73.27374pt>
File: Images/A2.png Graphic file (type png)
<use Images/A2.png>
Package pdftex.def Info: Images/A2.png  used on input line 339.
(pdftex.def)             Requested size: 68.9039pt x 86.72432pt.
<Images/A3.png, id=156, 58.2175pt x 73.27374pt>
File: Images/A3.png Graphic file (type png)
<use Images/A3.png>
Package pdftex.def Info: Images/A3.png  used on input line 345.
(pdftex.def)             Requested size: 68.9039pt x 86.72432pt.


Package fancyhdr Warning: \headheight is too small (12.0pt): 
(fancyhdr)                Make it at least 14.49998pt, for example:
(fancyhdr)                \setlength{\headheight}{14.49998pt}.
(fancyhdr)                You might also make \topmargin smaller to compensate:

(fancyhdr)                \addtolength{\topmargin}{-2.49998pt}.

[11 <./Images/UnderstandingThroughDefinitions2.pdf> <./Images/A0.png> <./Images
/A1.png> <./Images/A2.png> <./Images/A3.png>]
<Images/B0.png, id=168, 58.2175pt x 73.27374pt>
File: Images/B0.png Graphic file (type png)
<use Images/B0.png>
Package pdftex.def Info: Images/B0.png  used on input line 366.
(pdftex.def)             Requested size: 68.9039pt x 86.72432pt.
<Images/B1.png, id=169, 58.2175pt x 73.27374pt>
File: Images/B1.png Graphic file (type png)
<use Images/B1.png>
Package pdftex.def Info: Images/B1.png  used on input line 372.
(pdftex.def)             Requested size: 68.9039pt x 86.72432pt.
<Images/B2.png, id=170, 58.2175pt x 73.27374pt>
File: Images/B2.png Graphic file (type png)
<use Images/B2.png>
Package pdftex.def Info: Images/B2.png  used on input line 378.
(pdftex.def)             Requested size: 68.9039pt x 86.72432pt.
<Images/B3.png, id=171, 58.2175pt x 73.27374pt>
File: Images/B3.png Graphic file (type png)
<use Images/B3.png>
Package pdftex.def Info: Images/B3.png  used on input line 384.
(pdftex.def)             Requested size: 68.9039pt x 86.72432pt.
<Images/UnderstandingThroughImages2.pdf, id=172, 722.7pt x 850.17625pt>
File: Images/UnderstandingThroughImages2.pdf Graphic file (type pdf)
<use Images/UnderstandingThroughImages2.pdf>
Package pdftex.def Info: Images/UnderstandingThroughImages2.pdf  used on input 
line 396.
(pdftex.def)             Requested size: 361.3491pt x 252.94438pt.
<Images/Turtle.pdf, id=174, 29.10875pt x 27.10126pt>
File: Images/Turtle.pdf Graphic file (type pdf)
<use Images/Turtle.pdf>
Package pdftex.def Info: Images/Turtle.pdf  used on input line 408.
(pdftex.def)             Requested size: 87.32602pt x 81.30354pt.


LaTeX Warning: `h' float specifier changed to `ht'.


Package fancyhdr Warning: \headheight is too small (12.0pt): 
(fancyhdr)                Make it at least 14.49998pt, for example:
(fancyhdr)                \setlength{\headheight}{14.49998pt}.
(fancyhdr)                You might also make \topmargin smaller to compensate:

(fancyhdr)                \addtolength{\topmargin}{-2.49998pt}.

[12 <./Images/UnderstandingThroughImages2.pdf> <./Images/B0.png> <./Images/B1.p
ng> <./Images/B2.png> <./Images/B3.png>]
<Images/TurtleGraphics2.pdf, id=184, 614.295pt x 794.97pt>
File: Images/TurtleGraphics2.pdf Graphic file (type pdf)
<use Images/TurtleGraphics2.pdf>
Package pdftex.def Info: Images/TurtleGraphics2.pdf  used on input line 419.
(pdftex.def)             Requested size: 158.27258pt x 151.76633pt.
<Images/TurtleGraphics3.pdf, id=186, 722.7pt x 702.625pt>
File: Images/TurtleGraphics3.pdf Graphic file (type pdf)
<use Images/TurtleGraphics3.pdf>
Package pdftex.def Info: Images/TurtleGraphics3.pdf  used on input line 425.
(pdftex.def)             Requested size: 159.96982pt x 151.76633pt.
<Images/TurtleGraphics4.pdf, id=188, 483.8075pt x 487.8225pt>
File: Images/TurtleGraphics4.pdf Graphic file (type pdf)
<use Images/TurtleGraphics4.pdf>
Package pdftex.def Info: Images/TurtleGraphics4.pdf  used on input line 440.
(pdftex.def)             Requested size: 127.72115pt x 128.78496pt.
<Images/TurtleGraphics5.pdf, id=189, 427.5975pt x 422.57875pt>
File: Images/TurtleGraphics5.pdf Graphic file (type pdf)
<use Images/TurtleGraphics5.pdf>
Package pdftex.def Info: Images/TurtleGraphics5.pdf  used on input line 446.
(pdftex.def)             Requested size: 130.3159pt x 128.78496pt.
<Images/TurtleGraphics6.pdf, id=190, 337.26pt x 309.155pt>
File: Images/TurtleGraphics6.pdf Graphic file (type pdf)
<use Images/TurtleGraphics6.pdf>
Package pdftex.def Info: Images/TurtleGraphics6.pdf  used on input line 452.
(pdftex.def)             Requested size: 140.49548pt x 128.78496pt.


LaTeX Warning: `h' float specifier changed to `ht'.


Package fancyhdr Warning: \headheight is too small (12.0pt): 
(fancyhdr)                Make it at least 14.49998pt, for example:
(fancyhdr)                \setlength{\headheight}{14.49998pt}.
(fancyhdr)                You might also make \topmargin smaller to compensate:

(fancyhdr)                \addtolength{\topmargin}{-2.49998pt}.

[13 <./Images/TurtleGraphics2.pdf> <./Images/TurtleGraphics3.pdf> <./Images/Tur
tle.pdf>]

Package fancyhdr Warning: \headheight is too small (12.0pt): 
(fancyhdr)                Make it at least 14.49998pt, for example:
(fancyhdr)                \setlength{\headheight}{14.49998pt}.
(fancyhdr)                You might also make \topmargin smaller to compensate:

(fancyhdr)                \addtolength{\topmargin}{-2.49998pt}.

[14

 <./Images/TurtleGraphics4.pdf> <./Images/TurtleGraphics5.pdf> <./Images/Turtle
Graphics6.pdf>]
Chapter 2.
<Images/ProcessingWindow.png, id=225, 990.70125pt x 705.63625pt>
File: Images/ProcessingWindow.png Graphic file (type png)
<use Images/ProcessingWindow.png>
Package pdftex.def Info: Images/ProcessingWindow.png  used on input line 472.
(pdftex.def)             Requested size: 297.21266pt x 211.6925pt.

Underfull \vbox (badness 4229) has occurred while \output is active []

 [15

 <./Images/ProcessingWindow.png>]
<Images/EarlyExplorer.pdf, id=230, 1445.4pt x 903.375pt>
File: Images/EarlyExplorer.pdf Graphic file (type pdf)
<use Images/EarlyExplorer.pdf>
Package pdftex.def Info: Images/EarlyExplorer.pdf  used on input line 493.
(pdftex.def)             Requested size: 433.62335pt x 271.01459pt.


Package fancyhdr Warning: \headheight is too small (12.0pt): 
(fancyhdr)                Make it at least 14.49998pt, for example:
(fancyhdr)                \setlength{\headheight}{14.49998pt}.
(fancyhdr)                You might also make \topmargin smaller to compensate:

(fancyhdr)                \addtolength{\topmargin}{-2.49998pt}.

[16 <./Images/EarlyExplorer.pdf>]
<Images/CurrentExplorer.pdf, id=239, 1445.4pt x 878.28125pt>
File: Images/CurrentExplorer.pdf Graphic file (type pdf)
<use Images/CurrentExplorer.pdf>
Package pdftex.def Info: Images/CurrentExplorer.pdf  used on input line 506.
(pdftex.def)             Requested size: 433.62335pt x 263.4864pt.


Package fancyhdr Warning: \headheight is too small (12.0pt): 
(fancyhdr)                Make it at least 14.49998pt, for example:
(fancyhdr)                \setlength{\headheight}{14.49998pt}.
(fancyhdr)                You might also make \topmargin smaller to compensate:

(fancyhdr)                \addtolength{\topmargin}{-2.49998pt}.

[17 <./Images/CurrentExplorer.pdf>]
<Images/HowItWorks1.pdf, id=248, 722.7pt x 878.28125pt>
File: Images/HowItWorks1.pdf Graphic file (type pdf)
<use Images/HowItWorks1.pdf>
Package pdftex.def Info: Images/HowItWorks1.pdf  used on input line 518.
(pdftex.def)             Requested size: 361.3491pt x 439.13956pt.


Package fancyhdr Warning: \headheight is too small (12.0pt): 
(fancyhdr)                Make it at least 14.49998pt, for example:
(fancyhdr)                \setlength{\headheight}{14.49998pt}.
(fancyhdr)                You might also make \topmargin smaller to compensate:

(fancyhdr)                \addtolength{\topmargin}{-2.49998pt}.

[18 <./Images/HowItWorks1.pdf>]
<Images/HowItWorks2.pdf, id=256, 361.35pt x 438.63875pt>
File: Images/HowItWorks2.pdf Graphic file (type pdf)
<use Images/HowItWorks2.pdf>
Package pdftex.def Info: Images/HowItWorks2.pdf  used on input line 529.
(pdftex.def)             Requested size: 180.67456pt x 219.31883pt.
<Images/HowItWorks3.pdf, id=257, 144.54pt x 156.585pt>
File: Images/HowItWorks3.pdf Graphic file (type pdf)
<use Images/HowItWorks3.pdf>
Package pdftex.def Info: Images/HowItWorks3.pdf  used on input line 537.
(pdftex.def)             Requested size: 144.53963pt x 156.58461pt.


Package fancyhdr Warning: \headheight is too small (12.0pt): 
(fancyhdr)                Make it at least 14.49998pt, for example:
(fancyhdr)                \setlength{\headheight}{14.49998pt}.
(fancyhdr)                You might also make \topmargin smaller to compensate:

(fancyhdr)                \addtolength{\topmargin}{-2.49998pt}.

[19 <./Images/HowItWorks2.pdf> <./Images/HowItWorks3.pdf>]
<Images/HowItWorks4A.pdf, id=269, 614.295pt x 745.78625pt>
File: Images/HowItWorks4A.pdf Graphic file (type pdf)
<use Images/HowItWorks4A.pdf>
Package pdftex.def Info: Images/HowItWorks4A.pdf  used on input line 549.
(pdftex.def)             Requested size: 148.81169pt x 180.67499pt.
<Images/HowItWorks4B.pdf, id=270, 590.205pt x 716.6775pt>
File: Images/HowItWorks4B.pdf Graphic file (type pdf)
<use Images/HowItWorks4B.pdf>
Package pdftex.def Info: Images/HowItWorks4B.pdf  used on input line 555.
(pdftex.def)             Requested size: 148.78467pt x 180.67499pt.
<Images/HowItWorks4C.pdf, id=271, 567.11874pt x 688.5725pt>
File: Images/HowItWorks4C.pdf Graphic file (type pdf)
<use Images/HowItWorks4C.pdf>
Package pdftex.def Info: Images/HowItWorks4C.pdf  used on input line 561.
(pdftex.def)             Requested size: 148.806pt x 180.67499pt.
<Images/HowItWorks4D.pdf, id=272, 620.3175pt x 752.8125pt>
File: Images/HowItWorks4D.pdf Graphic file (type pdf)
<use Images/HowItWorks4D.pdf>
Package pdftex.def Info: Images/HowItWorks4D.pdf  used on input line 576.
(pdftex.def)             Requested size: 178.64752pt x 216.81pt.


LaTeX Warning: `h' float specifier changed to `ht'.


Underfull \hbox (badness 10000) in paragraph at lines 585--586

 []


Package fancyhdr Warning: \headheight is too small (12.0pt): 
(fancyhdr)                Make it at least 14.49998pt, for example:
(fancyhdr)                \setlength{\headheight}{14.49998pt}.
(fancyhdr)                You might also make \topmargin smaller to compensate:

(fancyhdr)                \addtolength{\topmargin}{-2.49998pt}.

[20 <./Images/HowItWorks4A.pdf> <./Images/HowItWorks4B.pdf> <./Images/HowItWork
s4C.pdf>]
Underfull \hbox (badness 10000) in paragraph at lines 587--588

 []


Underfull \hbox (badness 10000) in paragraph at lines 589--590

 []


Underfull \hbox (badness 10000) in paragraph at lines 591--592

 []


Underfull \hbox (badness 10000) in paragraph at lines 593--594

 []


Package fancyhdr Warning: \headheight is too small (12.0pt): 
(fancyhdr)                Make it at least 14.49998pt, for example:
(fancyhdr)                \setlength{\headheight}{14.49998pt}.
(fancyhdr)                You might also make \topmargin smaller to compensate:

(fancyhdr)                \addtolength{\topmargin}{-2.49998pt}.

[21 <./Images/HowItWorks4D.pdf>]
Underfull \hbox (badness 10000) in paragraph at lines 595--596

 []


Underfull \hbox (badness 10000) in paragraph at lines 597--598

 []


Underfull \hbox (badness 10000) in paragraph at lines 599--600

 []


Underfull \hbox (badness 10000) in paragraph at lines 601--602

 []


Underfull \hbox (badness 10000) in paragraph at lines 603--604

 []


Underfull \vbox (badness 10000) has occurred while \output is active []



Package fancyhdr Warning: \headheight is too small (12.0pt): 
(fancyhdr)                Make it at least 14.49998pt, for example:
(fancyhdr)                \setlength{\headheight}{14.49998pt}.
(fancyhdr)                You might also make \topmargin smaller to compensate:

(fancyhdr)                \addtolength{\topmargin}{-2.49998pt}.

[22]
Underfull \hbox (badness 10000) in paragraph at lines 612--613

 []


Underfull \hbox (badness 10000) in paragraph at lines 614--615

 []


Overfull \hbox (23.20961pt too wide) in paragraph at lines 616--617
\OT1/cmr/m/n/12 You will need the four files, \OT1/cmtt/m/n/12 L[]System[]Explo
rer.pde\OT1/cmr/m/n/12 , \OT1/cmtt/m/n/12 Helpful[]Functions.pde\OT1/cmr/m/n/12
 , \OT1/cmtt/m/n/12 Node.pde\OT1/cmr/m/n/12 ,
 []


Underfull \hbox (badness 10000) in paragraph at lines 616--617

 []


Underfull \hbox (badness 10000) in paragraph at lines 624--625

 []


Underfull \hbox (badness 10000) in paragraph at lines 626--627

 []


Package fancyhdr Warning: \headheight is too small (12.0pt): 
(fancyhdr)                Make it at least 14.49998pt, for example:
(fancyhdr)                \setlength{\headheight}{14.49998pt}.
(fancyhdr)                You might also make \topmargin smaller to compensate:

(fancyhdr)                \addtolength{\topmargin}{-2.49998pt}.

[23]
Underfull \hbox (badness 10000) in paragraph at lines 628--629

 []


Underfull \hbox (badness 10000) in paragraph at lines 630--631

 []


Underfull \hbox (badness 10000) in paragraph at lines 632--633

 []


Underfull \hbox (badness 10000) in paragraph at lines 634--635

 []


Underfull \hbox (badness 10000) in paragraph at lines 636--637

 []


Underfull \hbox (badness 10000) in paragraph at lines 638--639

 []


Package fancyhdr Warning: \headheight is too small (12.0pt): 
(fancyhdr)                Make it at least 14.49998pt, for example:
(fancyhdr)                \setlength{\headheight}{14.49998pt}.
(fancyhdr)                You might also make \topmargin smaller to compensate:

(fancyhdr)                \addtolength{\topmargin}{-2.49998pt}.

[24]
Chapter 3.

Underfull \hbox (badness 10000) in paragraph at lines 648--649

 []


Underfull \hbox (badness 10000) in paragraph at lines 650--651

 []


Underfull \hbox (badness 10000) in paragraph at lines 655--656

 []


Underfull \vbox (badness 10000) has occurred while \output is active []

 [25

]
Underfull \hbox (badness 10000) in paragraph at lines 657--658

 []


Underfull \hbox (badness 10000) in paragraph at lines 659--660

 []


Underfull \hbox (badness 10000) in paragraph at lines 661--662

 []


Underfull \hbox (badness 10000) in paragraph at lines 663--664

 []


Underfull \hbox (badness 10000) in paragraph at lines 665--666

 []


Underfull \hbox (badness 10000) in paragraph at lines 667--668

 []


Underfull \vbox (badness 2556) has occurred while \output is active []



Package fancyhdr Warning: \headheight is too small (12.0pt): 
(fancyhdr)                Make it at least 14.49998pt, for example:
(fancyhdr)                \setlength{\headheight}{14.49998pt}.
(fancyhdr)                You might also make \topmargin smaller to compensate:

(fancyhdr)                \addtolength{\topmargin}{-2.49998pt}.

[26]
Underfull \hbox (badness 10000) in paragraph at lines 669--670

 []


Underfull \hbox (badness 10000) in paragraph at lines 671--672

 []


Underfull \hbox (badness 10000) in paragraph at lines 673--674

 []


Underfull \hbox (badness 10000) in paragraph at lines 675--676

 []


Underfull \hbox (badness 10000) in paragraph at lines 677--678

 []


Underfull \vbox (badness 10000) has occurred while \output is active []



Package fancyhdr Warning: \headheight is too small (12.0pt): 
(fancyhdr)                Make it at least 14.49998pt, for example:
(fancyhdr)                \setlength{\headheight}{14.49998pt}.
(fancyhdr)                You might also make \topmargin smaller to compensate:

(fancyhdr)                \addtolength{\topmargin}{-2.49998pt}.

[27]
Underfull \hbox (badness 10000) in paragraph at lines 685--686

 []


Underfull \hbox (badness 10000) in paragraph at lines 687--688

 []


Underfull \hbox (badness 10000) in paragraph at lines 689--690

 []


Underfull \hbox (badness 10000) in paragraph at lines 695--696

 []


Underfull \hbox (badness 10000) in paragraph at lines 697--698

 []


Underfull \hbox (badness 10000) in paragraph at lines 699--700

 []


Underfull \hbox (badness 10000) in paragraph at lines 701--702

 []


Package fancyhdr Warning: \headheight is too small (12.0pt): 
(fancyhdr)                Make it at least 14.49998pt, for example:
(fancyhdr)                \setlength{\headheight}{14.49998pt}.
(fancyhdr)                You might also make \topmargin smaller to compensate:

(fancyhdr)                \addtolength{\topmargin}{-2.49998pt}.

[28]
Underfull \hbox (badness 10000) in paragraph at lines 703--704

 []


Underfull \hbox (badness 10000) in paragraph at lines 705--706

 []


Underfull \hbox (badness 10000) in paragraph at lines 707--708

 []


Underfull \hbox (badness 10000) in paragraph at lines 709--710

 []


Underfull \hbox (badness 10000) in paragraph at lines 711--712

 []


Underfull \hbox (badness 10000) in paragraph at lines 713--714

 []


Underfull \hbox (badness 10000) in paragraph at lines 715--716

 []


Underfull \hbox (badness 10000) in paragraph at lines 717--718

 []


Underfull \hbox (badness 10000) in paragraph at lines 719--720

 []


Underfull \hbox (badness 10000) in paragraph at lines 721--722

 []


Underfull \hbox (badness 10000) in paragraph at lines 723--724

 []


Underfull \vbox (badness 10000) has occurred while \output is active []



Package fancyhdr Warning: \headheight is too small (12.0pt): 
(fancyhdr)                Make it at least 14.49998pt, for example:
(fancyhdr)                \setlength{\headheight}{14.49998pt}.
(fancyhdr)                You might also make \topmargin smaller to compensate:

(fancyhdr)                \addtolength{\topmargin}{-2.49998pt}.

[29]
Underfull \hbox (badness 10000) in paragraph at lines 734--735

 []


Underfull \hbox (badness 10000) in paragraph at lines 736--737

 []


Underfull \hbox (badness 10000) in paragraph at lines 746--747

 []


Package fancyhdr Warning: \headheight is too small (12.0pt): 
(fancyhdr)                Make it at least 14.49998pt, for example:
(fancyhdr)                \setlength{\headheight}{14.49998pt}.
(fancyhdr)                You might also make \topmargin smaller to compensate:

(fancyhdr)                \addtolength{\topmargin}{-2.49998pt}.

[30]
Underfull \hbox (badness 10000) in paragraph at lines 748--749

 []


Underfull \hbox (badness 10000) in paragraph at lines 754--755

 []


Underfull \hbox (badness 10000) in paragraph at lines 758--759

 []


Underfull \hbox (badness 10000) in paragraph at lines 760--761

 []


Package fancyhdr Warning: \headheight is too small (12.0pt): 
(fancyhdr)                Make it at least 14.49998pt, for example:
(fancyhdr)                \setlength{\headheight}{14.49998pt}.
(fancyhdr)                You might also make \topmargin smaller to compensate:

(fancyhdr)                \addtolength{\topmargin}{-2.49998pt}.

[31] [32

]
Chapter 4.

Underfull \hbox (badness 10000) in paragraph at lines 769--770

 []


Underfull \hbox (badness 10000) in paragraph at lines 771--772

 []


Underfull \hbox (badness 10000) in paragraph at lines 773--774

 []


Underfull \hbox (badness 10000) in paragraph at lines 775--776

 []


Underfull \vbox (badness 10000) has occurred while \output is active []

 [33]
Underfull \hbox (badness 10000) in paragraph at lines 788--789

 []


Underfull \hbox (badness 10000) in paragraph at lines 800--801

 []


Package fancyhdr Warning: \headheight is too small (12.0pt): 
(fancyhdr)                Make it at least 14.49998pt, for example:
(fancyhdr)                \setlength{\headheight}{14.49998pt}.
(fancyhdr)                You might also make \topmargin smaller to compensate:

(fancyhdr)                \addtolength{\topmargin}{-2.49998pt}.

[34]
Underfull \hbox (badness 10000) in paragraph at lines 802--803

 []


Underfull \hbox (badness 10000) in paragraph at lines 810--811

 []


Underfull \hbox (badness 10000) in paragraph at lines 812--813

 []


Underfull \hbox (badness 10000) in paragraph at lines 814--815

 []


Package fancyhdr Warning: \headheight is too small (12.0pt): 
(fancyhdr)                Make it at least 14.49998pt, for example:
(fancyhdr)                \setlength{\headheight}{14.49998pt}.
(fancyhdr)                You might also make \topmargin smaller to compensate:

(fancyhdr)                \addtolength{\topmargin}{-2.49998pt}.

[35]
Underfull \hbox (badness 10000) in paragraph at lines 816--817

 []


Underfull \hbox (badness 10000) in paragraph at lines 818--819

 []


Underfull \hbox (badness 10000) in paragraph at lines 820--821

 []


Underfull \hbox (badness 10000) in paragraph at lines 822--823

 []


Underfull \hbox (badness 10000) in paragraph at lines 824--825

 []


Underfull \vbox (badness 10000) has occurred while \output is active []



Package fancyhdr Warning: \headheight is too small (12.0pt): 
(fancyhdr)                Make it at least 14.49998pt, for example:
(fancyhdr)                \setlength{\headheight}{14.49998pt}.
(fancyhdr)                You might also make \topmargin smaller to compensate:

(fancyhdr)                \addtolength{\topmargin}{-2.49998pt}.

[36]
Underfull \hbox (badness 10000) in paragraph at lines 832--833

 []


Underfull \hbox (badness 10000) in paragraph at lines 834--835

 []


Underfull \hbox (badness 10000) in paragraph at lines 838--839

 []


Package fancyhdr Warning: \headheight is too small (12.0pt): 
(fancyhdr)                Make it at least 14.49998pt, for example:
(fancyhdr)                \setlength{\headheight}{14.49998pt}.
(fancyhdr)                You might also make \topmargin smaller to compensate:

(fancyhdr)                \addtolength{\topmargin}{-2.49998pt}.

[37] [38

] [39] [40

]
Appendix A.

Underfull \hbox (badness 10000) in paragraph at lines 855--858

 []

[41] [42

]
Appendix B.

Underfull \hbox (badness 10000) in paragraph at lines 860--863

 []

[43] [44


] (./thesis.bbl) (./thesis.aux)

LaTeX Warning: There were multiply-defined labels.

 ) 
Here is how much of TeX's memory you used:
 7056 strings out of 478268
 120064 string characters out of 5846347
 428041 words of memory out of 5000000
 25122 multiletter control sequences out of 15000+600000
 481244 words of font info for 78 fonts, out of 8000000 for 9000
 1141 hyphenation exceptions out of 8191
 108i,12n,106p,1301b,553s stack positions out of 10000i,1000n,20000p,200000b,200000s
</usr/local/texlive/2022/texmf-dist/fonts/type1/public/amsfonts/cm/cmbx12.pfb
></usr/local/texlive/2022/texmf-dist/fonts/type1/public/amsfonts/cm/cmbxti10.pf
b></usr/local/texlive/2022/texmf-dist/fonts/type1/public/amsfonts/cm/cmmi10.pfb
></usr/local/texlive/2022/texmf-dist/fonts/type1/public/amsfonts/cm/cmmi12.pfb>
</usr/local/texlive/2022/texmf-dist/fonts/type1/public/amsfonts/cm/cmmi7.pfb></
usr/local/texlive/2022/texmf-dist/fonts/type1/public/amsfonts/cm/cmr10.pfb></us
r/local/texlive/2022/texmf-dist/fonts/type1/public/amsfonts/cm/cmr12.pfb></usr/
local/texlive/2022/texmf-dist/fonts/type1/public/amsfonts/cm/cmr7.pfb></usr/loc
al/texlive/2022/texmf-dist/fonts/type1/public/amsfonts/cm/cmr8.pfb></usr/local/
texlive/2022/texmf-dist/fonts/type1/public/amsfonts/cm/cmsl12.pfb></usr/local/t
exlive/2022/texmf-dist/fonts/type1/public/amsfonts/cm/cmsy10.pfb></usr/local/te
xlive/2022/texmf-dist/fonts/type1/public/amsfonts/cm/cmsy7.pfb></usr/local/texl
ive/2022/texmf-dist/fonts/type1/public/amsfonts/cm/cmsy8.pfb></usr/local/texliv
e/2022/texmf-dist/fonts/type1/public/amsfonts/cm/cmti12.pfb></usr/local/texlive
/2022/texmf-dist/fonts/type1/public/amsfonts/cm/cmtt12.pfb>
Output written on thesis.pdf (58 pages, 2484179 bytes).
PDF statistics:
 434 PDF objects out of 1000 (max. 8388607)
 242 compressed objects within 3 object streams
 0 named destinations out of 1000 (max. 500000)
 320 words of extra memory for PDF output out of 10000 (max. 10000000)

